Base path: D:/Program/Unity 2017.1.2f1/Editor/Data
Cmd: initializeCompiler
Cmd: preprocess
  insize=2488 outsize=445 ok=1
Cmd: compileCompute
  api=4 insize=2353 outsize=2125 ok=1
Cmd: compileCompute
  api=4 insize=3743 outsize=16377 ok=1
Cmd: preprocess
  insize=2604 outsize=448 ok=1
Cmd: compileCompute
  error: 2 plat 4 at CurlNoiseParticle.compute(96): undeclared identifier 'lifespan'
  api=4 insize=4694 outsize=0 ok=0
Cmd: compileCompute
  error: 2 plat 4 at CurlNoiseParticle.compute(96): undeclared identifier 'lifespan'
  api=4 insize=4694 outsize=0 ok=0
Cmd: compileCompute
  error: 2 plat 4 at CurlNoiseParticle.compute(131): syntax error: unexpected token ';'
  api=4 insize=4700 outsize=0 ok=0
Cmd: compileCompute
  error: 2 plat 4 at CurlNoiseParticle.compute(131): syntax error: unexpected token ';'
  api=4 insize=4700 outsize=0 ok=0
Cmd: compileCompute
  api=4 insize=4701 outsize=17661 ok=1
Cmd: compileCompute
  error: 1 plat 4 at Assets/_GPUParticleSystem/Shader/AnimTexture.cginc(32): implicit truncation of vector type
  error: 1 plat 4 at Assets/_GPUParticleSystem/Shader/AnimTexture.cginc(47): implicit truncation of vector type
  error: 1 plat 4 at Assets/_GPUParticleSystem/Shader/AnimTexture.cginc(53): implicit truncation of vector type
  error: 1 plat 4 at Assets/_GPUParticleSystem/Shader/AnimTexture.cginc(74): implicit truncation of vector type
  api=4 insize=4763 outsize=17661 ok=1
Cmd: compileCompute
  error: 1 plat 4 at Assets/_GPUParticleSystem/Shader/AnimTexture.cginc(32): implicit truncation of vector type
  error: 1 plat 4 at Assets/_GPUParticleSystem/Shader/AnimTexture.cginc(47): implicit truncation of vector type
  error: 1 plat 4 at Assets/_GPUParticleSystem/Shader/AnimTexture.cginc(53): implicit truncation of vector type
  error: 1 plat 4 at Assets/_GPUParticleSystem/Shader/AnimTexture.cginc(74): implicit truncation of vector type
  api=4 insize=6104 outsize=34917 ok=1
